Build started 2015-03-29 15:15:50.
     1>Project "B:\Dropbox\_PHDSoftware\CPP_FuzzyConn5\ConsoleApplication2\ConsoleApplication2\ConsoleApplication2.vcxproj" on node 2 (Build target(s)).
     1>ClCompile:
         B:\VSExpress2013\VC\bin\CL.exe /c /Zi /nologo /W3 /WX- /sdl /O2 /Oi /Oy- /GL /D WIN32 /D NDEBUG /D _CONSOLE /D _LIB /D _UNICODE /D UNICODE /Gm- /EHsc /MD /GS /Gy /fp:precise /Zc:wchar_t /Zc:forScope /Fo"Release\\" /Fd"Release\vc120.pdb" /Gd /TP /analyze- /errorReport:prompt Source.cpp
         Source.cpp
     1>Source.cpp(31): warning C4018: '<' : signed/unsigned mismatch
     1>Source.cpp(35): warning C4244: '=' : conversion from 'int' to 'float', possible loss of data
     1>Source.cpp(213): warning C4244: '=' : conversion from 'float' to 'long', possible loss of data
     1>Source.cpp(214): warning C4244: '=' : conversion from 'float' to 'long', possible loss of data
     1>Source.cpp(217): warning C4244: 'argument' : conversion from 'float' to 'int', possible loss of data
     1>Source.cpp(218): warning C4244: 'argument' : conversion from 'float' to 'int', possible loss of data
     1>Source.cpp(235): warning C4018: '<' : signed/unsigned mismatch
     1>Source.cpp(273): warning C4244: 'argument' : conversion from 'float' to '__w64 int', possible loss of data
     1>Source.cpp(309): warning C4244: 'argument' : conversion from 'float' to '__w64 int', possible loss of data
     1>Source.cpp(347): warning C4244: 'argument' : conversion from 'float' to '__w64 int', possible loss of data
     1>Source.cpp(382): warning C4244: 'argument' : conversion from 'float' to '__w64 int', possible loss of data
     1>Source.cpp(397): warning C4244: '=' : conversion from 'unsigned int' to 'float', possible loss of data
     1>Source.cpp(441): warning C4244: 'initializing' : conversion from 'float' to 'unsigned char', possible loss of data
     1>Source.cpp(445): warning C4244: '=' : conversion from 'float' to 'unsigned char', possible loss of data
       Link:
         B:\VSExpress2013\VC\bin\link.exe /ERRORREPORT:PROMPT /OUT:"B:\Dropbox\_PHDSoftware\CPP_FuzzyConn5\ConsoleApplication2\Release\ConsoleApplication2.exe" /INCREMENTAL:NO /NOLOGO kernel32.lib user32.lib gdi32.lib winspool.lib comdlg32.lib advapi32.lib shell32.lib ole32.lib oleaut32.lib uuid.lib odbc32.lib odbccp32.lib /MANIFEST /MANIFESTUAC:"level='asInvoker' uiAccess='false'" /manifest:embed /DEBUG /PDB:"B:\Dropbox\_PHDSoftware\CPP_FuzzyConn5\ConsoleApplication2\Release\ConsoleApplication2.pdb" /SUBSYSTEM:CONSOLE /OPT:REF /OPT:ICF /LTCG /TLBID:1 /DYNAMICBASE /NXCOMPAT /IMPLIB:"B:\Dropbox\_PHDSoftware\CPP_FuzzyConn5\ConsoleApplication2\Release\ConsoleApplication2.lib" /MACHINE:X86 /SAFESEH Release\Source.obj
         Generating code
         Finished generating code
         ConsoleApplication2.vcxproj -> B:\Dropbox\_PHDSoftware\CPP_FuzzyConn5\ConsoleApplication2\Release\ConsoleApplication2.exe
     1>Done Building Project "B:\Dropbox\_PHDSoftware\CPP_FuzzyConn5\ConsoleApplication2\ConsoleApplication2\ConsoleApplication2.vcxproj" (Build target(s)).

Build succeeded.

Time Elapsed 00:00:10.96
