Build started 2015-03-07 12:55:06.
     1>Project "E:\CPP_FuzzyConn\ConsoleApplication2\ConsoleApplication2\ConsoleApplication2.vcxproj" on node 2 (Build target(s)).
     1>ClCompile:
         B:\VSExpress2013\VC\bin\CL.exe /c /ZI /nologo /W3 /WX- /sdl /Od /Oy- /D WIN32 /D _DEBUG /D _CONSOLE /D _LIB /D _UNICODE /D UNICODE /Gm /EHsc /RTC1 /MDd /GS /fp:precise /Zc:wchar_t /Zc:forScope /Fo"Debug\\" /Fd"Debug\vc120.pdb" /Gd /TP /analyze- /errorReport:prompt Source.cpp
         Source.cpp
     1>e:\cpp_fuzzyconn\consoleapplication2\consoleapplication2\source.cpp(29): warning C4018: '<' : signed/unsigned mismatch
     1>e:\cpp_fuzzyconn\consoleapplication2\consoleapplication2\source.cpp(33): warning C4244: '=' : conversion from 'int' to 'float', possible loss of data
     1>e:\cpp_fuzzyconn\consoleapplication2\consoleapplication2\source.cpp(183): warning C4244: '=' : conversion from 'float' to 'long', possible loss of data
     1>e:\cpp_fuzzyconn\consoleapplication2\consoleapplication2\source.cpp(184): warning C4244: '=' : conversion from 'float' to 'long', possible loss of data
     1>e:\cpp_fuzzyconn\consoleapplication2\consoleapplication2\source.cpp(187): warning C4244: 'argument' : conversion from 'float' to 'int', possible loss of data
     1>e:\cpp_fuzzyconn\consoleapplication2\consoleapplication2\source.cpp(188): warning C4244: 'argument' : conversion from 'float' to 'int', possible loss of data
     1>e:\cpp_fuzzyconn\consoleapplication2\consoleapplication2\source.cpp(205): warning C4018: '<' : signed/unsigned mismatch
     1>e:\cpp_fuzzyconn\consoleapplication2\consoleapplication2\source.cpp(243): warning C4244: 'argument' : conversion from 'float' to '__w64 int', possible loss of data
     1>e:\cpp_fuzzyconn\consoleapplication2\consoleapplication2\source.cpp(279): warning C4244: 'argument' : conversion from 'float' to '__w64 int', possible loss of data
     1>e:\cpp_fuzzyconn\consoleapplication2\consoleapplication2\source.cpp(317): warning C4244: 'argument' : conversion from 'float' to '__w64 int', possible loss of data
     1>e:\cpp_fuzzyconn\consoleapplication2\consoleapplication2\source.cpp(352): warning C4244: 'argument' : conversion from 'float' to '__w64 int', possible loss of data
     1>e:\cpp_fuzzyconn\consoleapplication2\consoleapplication2\source.cpp(367): warning C4244: '=' : conversion from 'unsigned int' to 'float', possible loss of data
     1>e:\cpp_fuzzyconn\consoleapplication2\consoleapplication2\source.cpp(411): warning C4244: 'initializing' : conversion from 'float' to 'unsigned char', possible loss of data
     1>e:\cpp_fuzzyconn\consoleapplication2\consoleapplication2\source.cpp(415): warning C4244: '=' : conversion from 'float' to 'unsigned char', possible loss of data
       Link:
         B:\VSExpress2013\VC\bin\link.exe /ERRORREPORT:PROMPT /OUT:"E:\CPP_FuzzyConn\ConsoleApplication2\Debug\ConsoleApplication2.exe" /INCREMENTAL /NOLOGO kernel32.lib user32.lib gdi32.lib winspool.lib comdlg32.lib advapi32.lib shell32.lib ole32.lib oleaut32.lib uuid.lib odbc32.lib odbccp32.lib /MANIFEST /MANIFESTUAC:"level='asInvoker' uiAccess='false'" /manifest:embed /DEBUG /PDB:"E:\CPP_FuzzyConn\ConsoleApplication2\Debug\ConsoleApplication2.pdb" /SUBSYSTEM:CONSOLE /TLBID:1 /DYNAMICBASE /NXCOMPAT /IMPLIB:"E:\CPP_FuzzyConn\ConsoleApplication2\Debug\ConsoleApplication2.lib" /MACHINE:X86 Debug\Source.obj
         ConsoleApplication2.vcxproj -> E:\CPP_FuzzyConn\ConsoleApplication2\Debug\ConsoleApplication2.exe
     1>Done Building Project "E:\CPP_FuzzyConn\ConsoleApplication2\ConsoleApplication2\ConsoleApplication2.vcxproj" (Build target(s)).

Build succeeded.

Time Elapsed 00:00:03.77
